\BOOKMARK [1][-]{section*.1}{\376\377\004\022\004\022\004\025\004\024\004\025\004\035\004\030\004\025}{}% 1
\BOOKMARK [1][-]{section.0.1}{\376\377\004\036\004\021\004\027\004\036\004\040\000\040\004\033\004\030\004\042\004\025\004\040\004\020\004\042\004\043\004\040\004\053}{}% 2
\BOOKMARK [2][-]{subsection.0.1.1}{\376\377\004\021\004\100\004\076\004\072\004\065\004\100\004\113\000\040\004\101\004\076\004\076\004\061\004\111\004\065\004\075\004\070\004\071}{section.0.1}% 3
\BOOKMARK [2][-]{subsection.0.1.2}{\376\377\004\032\004\076\004\075\004\102\004\065\004\071\004\075\004\065\004\100\004\070\004\067\004\060\004\106\004\070\004\117}{section.0.1}% 4
\BOOKMARK [2][-]{subsection.0.1.3}{\376\377\004\037\004\100\004\076\004\070\004\067\004\062\004\065\004\064\004\065\004\075\004\070\004\065\000\040\004\062\004\113\004\107\004\070\004\101\004\073\004\065\004\075\004\070\004\071}{section.0.1}% 5
\BOOKMARK [2][-]{subsection.0.1.4}{\376\377\004\022\004\070\004\067\004\103\004\060\004\073\004\070\004\067\004\060\004\106\004\070\004\117\000\040\004\064\004\060\004\075\004\075\004\113\004\105}{section.0.1}% 6
\BOOKMARK [2][-]{subsection.0.1.5}{\376\377\004\035\004\065\004\077\004\100\004\065\004\100\004\113\004\062\004\075\004\060\004\117\000\040\004\070\004\075\004\102\004\065\004\063\004\100\004\060\004\106\004\070\004\117}{section.0.1}% 7
\BOOKMARK [1][-]{section.0.2}{\376\377\004\041\004\030\004\041\004\042\004\025\004\034\004\035\004\036\004\025\000\040\004\037\004\040\004\036\004\025\004\032\004\042\004\030\004\040\004\036\004\022\004\020\004\035\004\030\004\025}{}% 8
\BOOKMARK [2][-]{subsection.0.2.1}{\376\377\004\021\004\073\004\076\004\072\000\040\004\067\004\060\004\063\004\100\004\103\004\067\004\072\004\070\000\040\004\064\004\060\004\075\004\075\004\113\004\105}{section.0.2}% 9
\BOOKMARK [2][-]{subsection.0.2.2}{\376\377\004\021\004\073\004\076\004\072\000\040\004\077\004\100\004\065\004\076\004\061\004\100\004\060\004\067\004\076\004\062\004\060\004\075\004\070\004\117\000\040\004\064\004\060\004\075\004\075\004\113\004\105}{section.0.2}% 10
\BOOKMARK [2][-]{subsection.0.2.3}{\376\377\004\021\004\073\004\076\004\072\000\040\004\077\004\065\004\100\004\065\004\064\004\060\004\107\004\070\000\040\004\101\004\076\004\076\004\061\004\111\004\065\004\075\004\070\004\071}{section.0.2}% 11
\BOOKMARK [2][-]{subsection.0.2.4}{\376\377\004\021\004\073\004\076\004\072\000\040\004\077\004\100\004\070\004\121\004\074\004\060\000\040\004\101\004\076\004\076\004\061\004\111\004\065\004\075\004\070\004\071}{section.0.2}% 12
\BOOKMARK [2][-]{subsection.0.2.5}{\376\377\004\021\004\073\004\076\004\072\000\040\004\060\004\075\004\060\004\073\004\070\004\067\004\060\000\040\004\064\004\060\004\075\004\075\004\113\004\105}{section.0.2}% 13
\BOOKMARK [2][-]{subsection.0.2.6}{\376\377\004\021\004\073\004\076\004\072\000\040\004\101\004\076\004\105\004\100\004\060\004\075\004\065\004\075\004\070\004\117\000\040\004\064\004\060\004\075\004\075\004\113\004\105}{section.0.2}% 14
\BOOKMARK [2][-]{subsection.0.2.7}{\376\377\004\021\004\073\004\076\004\072\000\040\004\062\004\070\004\067\004\103\004\060\004\073\004\070\004\067\004\060\004\106\004\070\004\070\000\040\004\064\004\060\004\075\004\075\004\113\004\105}{section.0.2}% 15
\BOOKMARK [1][-]{section.0.3}{\376\377\004\044\004\043\004\035\004\032\004\046\004\030\004\036\004\035\004\020\004\033\004\054\004\035\004\036\004\025\000\040\004\037\004\040\004\036\004\025\004\032\004\042\004\030\004\040\004\036\004\022\004\020\004\035\004\030\004\025}{}% 16
\BOOKMARK [2][-]{subsection.0.3.1}{\376\377\004\032\004\073\004\060\004\101\004\101\004\113\000\040\004\074\004\076\004\064\004\103\004\073\004\117\000\040\004\072\004\076\004\075\004\104\004\070\004\063\004\103\004\100\004\060\004\106\004\070\004\070\000\040\004\067\004\060\004\063\004\100\004\103\004\067\004\107\004\070\004\072\004\060}{section.0.3}% 17
\BOOKMARK [2][-]{subsection.0.3.2}{\376\377\004\032\004\073\004\060\004\101\004\101\004\113\000\040\004\074\004\076\004\064\004\103\004\073\004\117\000\040\004\105\004\100\004\060\004\075\004\065\004\075\004\070\004\117\000\040\004\067\004\060\004\063\004\100\004\103\004\067\004\107\004\070\004\072\004\060}{section.0.3}% 18
\BOOKMARK [2][-]{subsection.0.3.3}{\376\377\004\032\004\073\004\060\004\101\004\101\004\113\000\040\004\074\004\076\004\064\004\103\004\073\004\117\000\040\004\072\004\076\004\075\004\104\004\070\004\063\004\103\004\100\004\060\004\106\004\070\004\070\000\040\004\067\004\060\004\063\004\100\004\103\004\067\004\107\004\070\004\072\004\060}{section.0.3}% 19
\BOOKMARK [2][-]{subsection.0.3.4}{\376\377\004\032\004\073\004\060\004\101\004\101\004\113\000\040\004\074\004\076\004\064\004\103\004\073\004\117\000\040\004\076\004\061\004\100\004\060\004\061\004\076\004\102\004\072\004\070\000\040\004\067\004\060\004\063\004\100\004\103\004\067\004\107\004\070\004\072\004\060}{section.0.3}% 20
\BOOKMARK [2][-]{subsection.0.3.5}{\376\377\004\032\004\073\004\060\004\101\004\101\004\113\000\040\004\074\004\076\004\064\004\103\004\073\004\117\000\040\004\076\004\102\004\077\004\100\004\060\004\062\004\072\004\070\000\040\004\067\004\060\004\063\004\100\004\103\004\067\004\107\004\070\004\072\004\060}{section.0.3}% 21
\BOOKMARK [2][-]{subsection.0.3.6}{\376\377\004\032\004\073\004\060\004\101\004\101\004\113\000\040\004\074\004\076\004\064\004\103\004\073\004\117\000\040\004\077\004\100\004\070\004\121\004\074\004\060\000\040\004\076\004\061\004\100\004\060\004\061\004\076\004\102\004\107\004\070\004\072\004\060}{section.0.3}% 22
\BOOKMARK [2][-]{subsection.0.3.7}{\376\377\004\032\004\073\004\060\004\101\004\101\004\113\000\040\004\074\004\076\004\064\004\103\004\073\004\117\000\040\004\060\004\075\004\060\004\073\004\070\004\067\004\060\000\040\004\076\004\061\004\100\004\060\004\061\004\076\004\102\004\107\004\070\004\072\004\060}{section.0.3}% 23
\BOOKMARK [2][-]{subsection.0.3.8}{\376\377\004\032\004\073\004\060\004\101\004\101\004\113\000\040\004\074\004\076\004\064\004\103\004\073\004\117\000\040\004\101\004\076\004\105\004\100\004\060\004\075\004\065\004\075\004\070\004\117\000\040\004\076\004\061\004\100\004\060\004\061\004\076\004\102\004\107\004\070\004\072\004\060}{section.0.3}% 24
\BOOKMARK [2][-]{subsection.0.3.9}{\376\377\004\034\004\076\004\064\004\103\004\073\004\114\000\040\004\062\004\070\004\067\004\103\004\060\004\073\004\070\004\067\004\060\004\106\004\070\004\070\000\040\004\076\004\061\004\100\004\060\004\061\004\076\004\102\004\107\004\070\004\072\004\060}{section.0.3}% 25
\BOOKMARK [1][-]{section*.6}{\376\377\004\027\004\020\004\032\004\033\004\056\004\047\004\025\004\035\004\030\004\025}{}% 26
\BOOKMARK [1][-]{section*.7}{\376\377\004\041\004\037\004\030\004\041\004\036\004\032\000\040\004\030\004\041\004\037\004\036\004\033\004\054\004\027\004\036\004\022\004\020\004\035\004\035\004\053\004\045\000\040\004\030\004\041\004\042\004\036\004\047\004\035\004\030\004\032\004\036\004\022}{}% 27
\BOOKMARK [1][-]{section*.8}{\376\377\004\037\004\040\004\030\004\033\004\036\004\026\004\025\004\035\004\030\004\025\000\040\004\020}{}% 28
\BOOKMARK [1][-]{section*.8}{\376\377\004\037\004\040\004\030\004\033\004\036\004\026\004\025\004\035\004\030\004\025\000\040\004\021}{}% 29
